[debug] [2018-05-21T09:54:59.609Z] ----------------------------------------------------------------------
[debug] [2018-05-21T09:54:59.613Z] Command:       /usr/local/bin/node /usr/local/bin/firebase deploy
[debug] [2018-05-21T09:54:59.613Z] CLI Version:   3.18.4
[debug] [2018-05-21T09:54:59.613Z] Platform:      darwin
[debug] [2018-05-21T09:54:59.613Z] Node Version:  v8.8.1
[debug] [2018-05-21T09:54:59.614Z] Time:          Mon May 21 2018 10:54:59 GMT+0100 (BST)
[debug] [2018-05-21T09:54:59.614Z] ----------------------------------------------------------------------
[debug] 
[debug] [2018-05-21T09:54:59.629Z] > command requires scopes: ["email","openid","https://www.googleapis.com/auth/cloudplatformprojects.readonly","https://www.googleapis.com/auth/firebase","https://www.googleapis.com/auth/cloud-platform"]
[debug] [2018-05-21T09:54:59.629Z] > authorizing via signed-in user
[debug] [2018-05-21T09:54:59.632Z] >>> HTTP REQUEST GET https://admin.firebase.com/v1/projects/lewisbamber-card  
  
 Mon May 21 2018 10:54:59 GMT+0100 (BST)
[debug] [2018-05-21T09:55:00.482Z] <<< HTTP RESPONSE 200
[debug] [2018-05-21T09:55:00.483Z] >>> HTTP REQUEST GET https://admin.firebase.com/v1/database/lewisbamber-card/tokens  
  
 Mon May 21 2018 10:55:00 GMT+0100 (BST)
[debug] [2018-05-21T09:55:01.297Z] <<< HTTP RESPONSE 200
[info] 
[info] === Deploying to 'lewisbamber-card'...
[info] 
[info] i  deploying hosting
[info] i  hosting: preparing / directory for upload...
[debug] [2018-05-21T09:55:02.372Z] >>> HTTP REQUEST PUT https://deploy.firebase.com/v1/hosting/lewisbamber-card/uploads/-LD16uLro6DxrPT2thIJ?fileCount=63&message=  
  
 Mon May 21 2018 10:55:02 GMT+0100 (BST)
[debug] [2018-05-21T09:55:04.974Z] <<< HTTP RESPONSE 200
[debug] [2018-05-21T09:55:04.974Z] [hosting] .tgz uploaded successfully, waiting for extraction
[info] ✔  hosting: 63 files uploaded successfully
[debug] [2018-05-21T09:55:05.859Z] [hosting] deploy completed after 3595ms
[debug] [2018-05-21T09:55:05.930Z] >>> HTTP REQUEST POST https://deploy.firebase.com/v1/projects/lewisbamber-card/releases  
 { hosting: 
   { public: '/',
     ignore: [ 'firebase.json', '**/.*', '**/node_modules/**' ],
     rewrites: [ [Object] ],
     version: '-LD16uLro6DxrPT2thIJ',
     prefix: '-LD16uLro6DxrPT2thIJ/',
     manifest: [] } } 
 Mon May 21 2018 10:55:05 GMT+0100 (BST)
